0 info it worked if it ends with ok
1 verbose cli [ 'C:\\Program Files\\nodejs\\node.exe',
1 verbose cli   'C:\\Users\\legsl_000\\AppData\\Roaming\\npm\\node_modules\\npm\\bin\\npm-cli.js',
1 verbose cli   'start' ]
2 info using npm@4.0.5
3 info using node@v8.11.3
4 verbose run-script [ 'prestart', 'start', 'poststart' ]
5 info lifecycle burger@1.0.0~prestart: burger@1.0.0
6 silly lifecycle burger@1.0.0~prestart: no script for prestart, continuing
7 info lifecycle burger@1.0.0~start: burger@1.0.0
8 verbose lifecycle burger@1.0.0~start: unsafe-perm in lifecycle true
9 verbose lifecycle burger@1.0.0~start: PATH: C:\Users\legsl_000\AppData\Roaming\npm\node_modules\npm\bin\node-gyp-bin;E:\Users\Zane\Desktop\dev\burger\node_modules\.bin;C:\Program Files\Git\mingw64\bin;C:\Program Files\Git\usr\bin;C:\Users\legsl_000\bin;C:\tools\ruby24\bin;C:\Program Files\ImageMagick-7.0.3-Q8;C:\Program Files\ImageMagick-7.0.3-Q16;C:\ProgramData\Oracle\Java\javapath;C:\WINDOWS\system32;C:\WINDOWS;C:\WINDOWS\System32\Wbem;C:\WINDOWS\System32\WindowsPowerShell\v1.0;C:\Users\legsl_000\AppData\Roaming\npm;C:\Users\legsl_000\AppData\Local\Microsoft\WindowsApps;C:\adb;C:\Android;C:\Windows\System32;C:\Program Files\OpenVPN\bin;C:\Program Files (x86)\QuickTime\QTSystem;C:\ProgramData\chocolatey\bin;C:\Program Files (x86)\Streamlink\bin;C:\Program Files (x86)\NVIDIA Corporation\PhysX\Common;C:\Program Files (x86)\vim\vim80;E:\Users\Zane\Downloads\MPV;C:\WINDOWS\system32;C:\WINDOWS;C:\WINDOWS\System32\Wbem;C:\WINDOWS\System32\WindowsPowerShell\v1.0;C:\hla;C:\Program Files\Git\cmd;C:\WINDOWS\System32\OpenSSH;C:\Program Files\Microsoft VS Code\bin;C:\Program Files\nodejs;C:\Users\legsl_000\AppData\Local\Programs\Python\Python36\Scripts;C:\Users\legsl_000\AppData\Local\Programs\Python\Python36;C:\Ruby22-x64\bin;C:\Users\legsl_000\AppData\Local\Microsoft\WindowsApps;C:\Users\legsl_000\AppData\Local\atom\bin;C:\Program Files (x86)\Atmel\Flip 3.4.7\bin;C:\Program Files\Microsoft VS Code\bin;C:\Users\legsl_000\AppData\Local\Microsoft\WindowsApps;C:\youtubedl;C:\Users\legsl_000\AppData\Local\hyper\app-2.0.0\resources\bin;C:\Users\legsl_000\AppData\Roaming\npm;C:\Program Files\heroku\bin;C:\Program Files\MySQL\MySQL Server 8.0\bin
10 verbose lifecycle burger@1.0.0~start: CWD: E:\Users\Zane\Desktop\dev\burger
11 silly lifecycle burger@1.0.0~start: Args: [ '/d /s /c', 'node server.js' ]
12 silly lifecycle burger@1.0.0~start: Returned: code: 1  signal: null
13 info lifecycle burger@1.0.0~start: Failed to exec start script
14 verbose stack Error: burger@1.0.0 start: `node server.js`
14 verbose stack Exit status 1
14 verbose stack     at EventEmitter.<anonymous> (C:\Users\legsl_000\AppData\Roaming\npm\node_modules\npm\lib\utils\lifecycle.js:279:16)
14 verbose stack     at emitTwo (events.js:126:13)
14 verbose stack     at EventEmitter.emit (events.js:214:7)
14 verbose stack     at ChildProcess.<anonymous> (C:\Users\legsl_000\AppData\Roaming\npm\node_modules\npm\lib\utils\spawn.js:40:14)
14 verbose stack     at emitTwo (events.js:126:13)
14 verbose stack     at ChildProcess.emit (events.js:214:7)
14 verbose stack     at maybeClose (internal/child_process.js:925:16)
14 verbose stack     at Process.ChildProcess._handle.onexit (internal/child_process.js:209:5)
15 verbose pkgid burger@1.0.0
16 verbose cwd E:\Users\Zane\Desktop\dev\burger
17 error Windows_NT 10.0.17134
18 error argv "C:\\Program Files\\nodejs\\node.exe" "C:\\Users\\legsl_000\\AppData\\Roaming\\npm\\node_modules\\npm\\bin\\npm-cli.js" "start"
19 error node v8.11.3
20 error npm  v4.0.5
21 error code ELIFECYCLE
22 error burger@1.0.0 start: `node server.js`
22 error Exit status 1
23 error Failed at the burger@1.0.0 start script 'node server.js'.
23 error Make sure you have the latest version of node.js and npm installed.
23 error If you do, this is most likely a problem with the burger package,
23 error not with npm itself.
23 error Tell the author that this fails on your system:
23 error     node server.js
23 error You can get information on how to open an issue for this project with:
23 error     npm bugs burger
23 error Or if that isn't available, you can get their info via:
23 error     npm owner ls burger
23 error There is likely additional logging output above.
24 verbose exit [ 1, true ]
